#-----------------------------------------------------------
# Vivado v2021.1 (64-bit)
# SW Build 3247384 on Thu Jun 10 19:36:33 MDT 2021
# IP Build 3246043 on Fri Jun 11 00:30:35 MDT 2021
# Start of session at: Wed Sep 20 01:04:19 2023
# Process ID: 13400
# Current directory: D:/Exp1
# Command line: vivado.exe -gui_launcher_event rodinguilauncherevent12824 D:\Exp1\Exp1.xpr
# Log file: D:/Exp1/vivado.log
# Journal file: D:/Exp1\vivado.jou
#-----------------------------------------------------------
start_gui
open_project D:/Exp1/Exp1.xpr
INFO: [Project 1-313] Project file moved from 'C:/Users/haozh/Desktop/ca21/lab/Code4Stu/Exp1' since last save.
Scanning sources...
Finished scanning sources
INFO: [IP_Flow 19-234] Refreshing IP repositories
INFO: [IP_Flow 19-1704] No user IP repositories specified
INFO: [IP_Flow 19-2313] Loaded Vivado IP repository 'E:/Vivado21.1/Vivado/2021.1/data/ip'.
open_project: Time (s): cpu = 00:00:11 ; elapsed = 00:00:09 . Memory (MB): peak = 1504.945 ; gain = 0.000
update_compile_order -fileset sources_1
exit
INFO: [Common 17-206] Exiting Vivado at Wed Sep 20 01:11:57 2023...
