Copyright 1986-2021 Xilinx, Inc. All Rights Reserved.
------------------------------------------------------------------------------------
| Tool Version : Vivado v.2021.1 (win64) Build 3247384 Thu Jun 10 19:36:33 MDT 2021
| Date         : Tue Dec 12 18:14:47 2023
| Host         : DESKTOP-9A79UKU running 64-bit major release  (build 9200)
| Command      : report_control_sets -verbose -file top_control_sets_placed.rpt
| Design       : top
| Device       : xc7k325t
------------------------------------------------------------------------------------

Control Set Information

Table of Contents
-----------------
1. Summary
2. Histogram
3. Flip-Flop Distribution
4. Detailed Control Set Information

1. Summary
----------

+----------------------------------------------------------+-------+
|                          Status                          | Count |
+----------------------------------------------------------+-------+
| Total control sets                                       |    78 |
|    Minimum number of control sets                        |    78 |
|    Addition due to synthesis replication                 |     0 |
|    Addition due to physical synthesis replication        |     0 |
| Unused register locations in slices containing registers |   136 |
+----------------------------------------------------------+-------+
* Control sets can be merged at opt_design using control_set_merge or merge_equivalent_drivers
** Run report_qor_suggestions for automated merging and remapping suggestions


2. Histogram
------------

+--------------------+-------+
|       Fanout       | Count |
+--------------------+-------+
| Total control sets |    78 |
| >= 0 to < 4        |     0 |
| >= 4 to < 6        |     5 |
| >= 6 to < 8        |     4 |
| >= 8 to < 10       |     0 |
| >= 10 to < 12      |     3 |
| >= 12 to < 14      |     3 |
| >= 14 to < 16      |     2 |
| >= 16              |    61 |
+--------------------+-------+
* Control sets can be remapped at either synth_design or opt_design


3. Flip-Flop Distribution
-------------------------

+--------------+-----------------------+------------------------+-----------------+--------------+
| Clock Enable | Synchronous Set/Reset | Asynchronous Set/Reset | Total Registers | Total Slices |
+--------------+-----------------------+------------------------+-----------------+--------------+
| No           | No                    | No                     |            3317 |          610 |
| No           | No                    | Yes                    |             113 |           43 |
| No           | Yes                   | No                     |              75 |           29 |
| Yes          | No                    | No                     |            1536 |          887 |
| Yes          | No                    | Yes                    |            1441 |          703 |
| Yes          | Yes                   | No                     |              54 |           13 |
+--------------+-----------------------+------------------------+-----------------+--------------+


4. Detailed Control Set Information
-----------------------------------

+-------------------+------------------------------------------+----------------------------------+------------------+----------------+--------------+
|    Clock Signal   |               Enable Signal              |         Set/Reset Signal         | Slice Load Count | Bel Load Count | Bels / Slice |
+-------------------+------------------------------------------+----------------------------------+------------------+----------------+--------------+
|  CLK_GEN/CLK_OUT3 | DISPLAY/P2S_LED/data_count[3]_i_1__0_n_0 | rst_all                          |                1 |              4 |         4.00 |
|  debug_clk        | core/ctrl/A0                             | core/ctrl/state_reg_0            |                1 |              4 |         4.00 |
|  CLK_GEN/CLK_OUT1 |                                          | vga/U12/v_count_reg[8]_0         |                3 |              5 |         1.67 |
|  CLK_GEN/CLK_OUT3 | BTN_SCAN/p_0_in                          |                                  |                2 |              5 |         2.50 |
|  debug_clk        | core/ctrl/A0                             | core/ctrl/state_reg              |                2 |              5 |         2.50 |
|  CLK_GEN/CLK_OUT3 | DISPLAY/P2S_SEG/next_data_count          | rst_all                          |                3 |              6 |         2.00 |
|  CLK_GEN/CLK_OUT1 | vga/U12/E[0]                             |                                  |                4 |              7 |         1.75 |
|  CLK_GEN/CLK_OUT3 | DISPLAY/P2S_LED/buff_0                   | DISPLAY/P2S_LED/buff[16]_i_1_n_0 |                1 |              7 |         7.00 |
|  debug_clk        |                                          | core/mu/state[6]_i_1_n_0         |                1 |              7 |         7.00 |
|  CLK_GEN/CLK_OUT3 | vga/U12/v_count                          |                                  |                6 |             10 |         1.67 |
|  CLK_GEN/CLK_OUT3 |                                          | vga/U12/h_count[9]_i_1_n_0       |                4 |             10 |         2.50 |
|  CLK_GEN/CLK_OUT3 | DISPLAY/P2S_LED/buff_0                   |                                  |                3 |             10 |         3.33 |
|  CLK_GEN/CLK_OUT3 |                                          | vga/U12/rdn_reg_n_0              |                4 |             12 |         3.00 |
|  CLK_GEN/CLK_OUT1 |                                          | vga/U12/v_count_reg[8]_20        |                8 |             13 |         1.62 |
|  CLK_GEN/CLK_OUT3 | DISPLAY/P2S_SEG/buff                     | DISPLAY/P2S_SEG/buff[64]_i_1_n_0 |                3 |             13 |         4.33 |
|  CLK_GEN/CLK_OUT3 | DISPLAY/P2S_SEG/buff                     |                                  |                2 |             14 |         7.00 |
|  CLK_GEN/CLK_OUT3 | DISPLAY/P2S_SEG/buff                     | DISPLAY/P2S_SEG/buff[63]_i_1_n_0 |                2 |             15 |         7.50 |
|  CLK_GEN/CLK_OUT4 |                                          |                                  |                3 |             17 |         5.67 |
|  debug_clk        | core/reg_IF_IS/IS_flush_reg_1[0]         | rst_all                          |                9 |             22 |         2.44 |
|  debug_clk        | core/reg_IF_IS/IS_flush_reg_5            | rst_all                          |                9 |             22 |         2.44 |
|  debug_clk        | core/reg_IF_IS/IS_flush_reg_6[0]         | rst_all                          |                8 |             25 |         3.12 |
|  debug_clk        | core/reg_IF_IS/IS_flush_reg_0            | rst_all                          |               10 |             25 |         2.50 |
|  debug_clk        | core/reg_IF_IS/IS_flush_reg              | rst_all                          |                5 |             25 |         5.00 |
|  CLK_GEN/CLK_OUT3 |                                          |                                  |               13 |             26 |         2.00 |
|  debug_clk        | core/reg_IF_IS/IS_flush_reg_3[0]         | rst_all                          |               10 |             26 |         2.60 |
|  debug_clk        | core/reg_IF_IS/IS_flush_reg_4[0]         | rst_all                          |                8 |             27 |         3.38 |
|  debug_clk        | core/ctrl/FUS[1][26]_i_1_n_0             | rst_all                          |               11 |             27 |         2.45 |
|  CLK_GEN/CLK_OUT3 |                                          | rst_all                          |                9 |             28 |         3.11 |
|  CLK_GEN/CLK_OUT1 |                                          |                                  |               19 |             31 |         1.63 |
| ~debug_clk        | core/ctrl/FUS_reg[3][8]_4[0]             | rst_all                          |               21 |             32 |         1.52 |
| ~debug_clk        | core/ctrl/FUS_reg[3][8]_0[0]             | rst_all                          |               16 |             32 |         2.00 |
| ~debug_clk        | core/ctrl/FUS_reg[4][7]_0[0]             | rst_all                          |               20 |             32 |         1.60 |
|  debug_clk        | core/du/E[0]                             | rst_all                          |               14 |             32 |         2.29 |
| ~debug_clk        | core/ctrl/FUS_reg[3][8]_1[0]             | rst_all                          |               17 |             32 |         1.88 |
| ~debug_clk        | core/ctrl/FUS_reg[3][8]_3[0]             | rst_all                          |               18 |             32 |         1.78 |
| ~debug_clk        | core/ctrl/FUS_reg[3][8]_5[0]             | rst_all                          |               20 |             32 |         1.60 |
|  debug_clk        | core/ju/FU_jump_finish                   | rst_all                          |                9 |             32 |         3.56 |
|  debug_clk        | core/reg_IF_IS/E[0]                      | rst_all                          |               10 |             32 |         3.20 |
|  debug_clk        | core/reg_IF_IS/IS_flush_reg_2[0]         |                                  |               10 |             32 |         3.20 |
|  debug_clk        | core/alu/FU_ALU_finish                   | rst_all                          |               20 |             32 |         1.60 |
|  debug_clk        | core/reg_IF_IS/rst_all_reg[0]            |                                  |               13 |             32 |         2.46 |
|  debug_clk        | core/mem/E[0]                            | rst_all                          |               16 |             32 |         2.00 |
|  debug_clk        | core/mu/Q[0]                             | rst_all                          |               17 |             32 |         1.88 |
| ~debug_clk        | core/ctrl/FUS_reg[1][9]_1[0]             | rst_all                          |               17 |             32 |         1.88 |
| ~debug_clk        | core/ctrl/FUS_reg[1][9]_8[0]             | rst_all                          |               21 |             32 |         1.52 |
| ~debug_clk        | core/ctrl/FUS_reg[1][9]_2[0]             | rst_all                          |               16 |             32 |         2.00 |
| ~debug_clk        | core/ctrl/FUS_reg[1][9]_3[0]             | rst_all                          |               16 |             32 |         2.00 |
| ~debug_clk        | core/ctrl/FUS_reg[1][9]_4[0]             | rst_all                          |               17 |             32 |         1.88 |
| ~debug_clk        | core/ctrl/FUS_reg[1][9]_5[0]             | rst_all                          |               14 |             32 |         2.29 |
| ~debug_clk        | core/ctrl/FUS_reg[1][9]_6[0]             | rst_all                          |               14 |             32 |         2.29 |
| ~debug_clk        | core/ctrl/FUS_reg[1][9]_7[0]             | rst_all                          |               20 |             32 |         1.60 |
| ~debug_clk        | core/ctrl/FUS_reg[3][10]_15[0]           | rst_all                          |               24 |             32 |         1.33 |
| ~debug_clk        | core/ctrl/FUS_reg[3][10]_10[0]           | rst_all                          |               13 |             32 |         2.46 |
| ~debug_clk        | core/ctrl/FUS_reg[3][10]_14[0]           | rst_all                          |               18 |             32 |         1.78 |
| ~debug_clk        | core/ctrl/FUS_reg[3][10]_9[0]            | rst_all                          |               12 |             32 |         2.67 |
| ~debug_clk        | core/ctrl/FUS_reg[3][10]_16[0]           | rst_all                          |               21 |             32 |         1.52 |
| ~debug_clk        | core/ctrl/FUS_reg[3][10]_12[0]           | rst_all                          |               18 |             32 |         1.78 |
| ~debug_clk        | core/ctrl/FUS_reg[3][10]_13[0]           | rst_all                          |               14 |             32 |         2.29 |
| ~debug_clk        | core/ctrl/FUS_reg[3][10]_6[0]            | rst_all                          |               13 |             32 |         2.46 |
| ~debug_clk        | core/ctrl/FUS_reg[3][10]_11[0]           | rst_all                          |               17 |             32 |         1.88 |
| ~debug_clk        | core/ctrl/FUS_reg[3][10]_3[0]            | rst_all                          |               19 |             32 |         1.68 |
| ~debug_clk        | core/ctrl/FUS_reg[3][10]_4[0]            | rst_all                          |               15 |             32 |         2.13 |
| ~debug_clk        | core/ctrl/FUS_reg[3][10]_5[0]            | rst_all                          |               14 |             32 |         2.29 |
| ~debug_clk        | core/ctrl/FUS_reg[3][10]_7[0]            | rst_all                          |               17 |             32 |         1.88 |
| ~debug_clk        | core/ctrl/FUS_reg[3][10]_8[0]            | rst_all                          |               16 |             32 |         2.00 |
| ~debug_clk        | core/ctrl/FUS_reg[4][6]_3[0]             | rst_all                          |               17 |             32 |         1.88 |
| ~debug_clk        | core/ctrl/FUS_reg[4][7]_1[0]             | rst_all                          |               15 |             32 |         2.13 |
| ~debug_clk        | core/ctrl/FUS_reg[3][8]_2[0]             | rst_all                          |               20 |             32 |         1.60 |
|  CLK_GEN/CLK_OUT1 | vga/U12/should_latch_debug_data          |                                  |                6 |             44 |         7.33 |
|  debug_clk        | core/ctrl/IS_flush_reg_0[0]              | rst_all                          |               17 |             58 |         3.41 |
|  debug_clk        | core/ctrl/A0                             |                                  |               26 |             59 |         2.27 |
|  debug_clk        | core/ctrl/E[0]                           |                                  |               14 |             64 |         4.57 |
|  debug_clk        | core/mu/state[6]_i_1_n_0                 |                                  |               32 |             64 |         2.00 |
|  debug_clk        | core/mem/i_/i__n_0                       |                                  |               40 |             96 |         2.40 |
|  debug_clk        |                                          | rst_all                          |               43 |            113 |         2.63 |
|  debug_clk        | core/ctrl/FUS_reg[5][27]_0               |                                  |               36 |            126 |         3.50 |
| ~debug_clk        | core/mem/add/E[0]                        |                                  |              699 |           1024 |         1.46 |
|  debug_clk        |                                          |                                  |              575 |           3249 |         5.65 |
+-------------------+------------------------------------------+----------------------------------+------------------+----------------+--------------+


